# JRE version: OpenJDK Runtime Environment (8.0_152-b01) (build 1.8.0_152-release-915-b01)
# Java VM: OpenJDK 64-Bit Server VM (25.152-b01 mixed mode bsd-amd64 compressed oops)
Heap:
 PSYoungGen      total 141824K, used 65142K [0x00000007a0000000, 0x00000007ac200000, 0x00000007c0000000)
  eden space 131072K, 49% used [0x00000007a0000000,0x00000007a3f9db48,0x00000007a8000000)
  from space 10752K, 0% used [0x00000007a8000000,0x00000007a8000000,0x00000007a8a80000)
  to   space 10752K, 0% used [0x00000007ab780000,0x00000007ab780000,0x00000007ac200000)
 ParOldGen       total 159232K, used 24810K [0x0000000760000000, 0x0000000769b80000, 0x00000007a0000000)
  object space 159232K, 15% used [0x0000000760000000,0x000000076183a880,0x0000000769b80000)
 Metaspace       used 43286K, capacity 43956K, committed 44376K, reserved 1087488K
  class space    used 5240K, capacity 5392K, committed 5504K, reserved 1048576K
GC Heap History (10 events):
Event: 1.359 GC heap before
{Heap before GC invocations=4 (full 1):
 PSYoungGen      total 76288K, used 16256K [0x00000007a0000000, 0x00000007a9500000, 0x00000007c0000000)
  eden space 65536K, 8% used [0x00000007a0000000,0x00000007a0563e48,0x00000007a4000000)
  from space 10752K, 99% used [0x00000007a4a80000,0x00000007a54fc318,0x00000007a5500000)
  to   space 10752K, 0% used [0x00000007a4000000,0x00000007a4000000,0x00000007a4a80000)
 ParOldGen       total 175104K, used 4834K [0x0000000760000000, 0x000000076ab00000, 0x00000007a0000000)
  object space 175104K, 2% used [0x0000000760000000,0x00000007604b8be8,0x000000076ab00000)
 Metaspace       used 20645K, capacity 21052K, committed 21248K, reserved 1067008K
  class space    used 2640K, capacity 2746K, committed 2816K, reserved 1048576K
Event: 1.368 GC heap after
Heap after GC invocations=4 (full 1):
 PSYoungGen      total 76288K, used 5316K [0x00000007a0000000, 0x00000007a9500000, 0x00000007c0000000)
  eden space 65536K, 0% used [0x00000007a0000000,0x00000007a0000000,0x00000007a4000000)
  from space 10752K, 49% used [0x00000007a4000000,0x00000007a45312e8,0x00000007a4a80000)
  to   space 10752K, 0% used [0x00000007a8a80000,0x00000007a8a80000,0x00000007a9500000)
 ParOldGen       total 175104K, used 4842K [0x0000000760000000, 0x000000076ab00000, 0x00000007a0000000)
  object space 175104K, 2% used [0x0000000760000000,0x00000007604babe8,0x000000076ab00000)
 Metaspace       used 20645K, capacity 21052K, committed 21248K, reserved 1067008K
  class space    used 2640K, capacity 2746K, committed 2816K, reserved 1048576K
}
Event: 1.368 GC heap before
{Heap before GC invocations=5 (full 2):
 PSYoungGen      total 76288K, used 5316K [0x00000007a0000000, 0x00000007a9500000, 0x00000007c0000000)
  eden space 65536K, 0% used [0x00000007a0000000,0x00000007a0000000,0x00000007a4000000)
  from space 10752K, 49% used [0x00000007a4000000,0x00000007a45312e8,0x00000007a4a80000)
  to   space 10752K, 0% used [0x00000007a8a80000,0x00000007a8a80000,0x00000007a9500000)
 ParOldGen       total 175104K, used 4842K [0x0000000760000000, 0x000000076ab00000, 0x00000007a0000000)
  object space 175104K, 2% used [0x0000000760000000,0x00000007604babe8,0x000000076ab00000)
 Metaspace       used 20645K, capacity 21052K, committed 21248K, reserved 1067008K
  class space    used 2640K, capacity 2746K, committed 2816K, reserved 1048576K
Event: 1.395 GC heap after
Heap after GC invocations=5 (full 2):
 PSYoungGen      total 76288K, used 0K [0x00000007a0000000, 0x00000007a9500000, 0x00000007c0000000)
  eden space 65536K, 0% used [0x00000007a0000000,0x00000007a0000000,0x00000007a4000000)
  from space 10752K, 0% used [0x00000007a4000000,0x00000007a4000000,0x00000007a4a80000)
  to   space 10752K, 0% used [0x00000007a8a80000,0x00000007a8a80000,0x00000007a9500000)
 ParOldGen       total 93184K, used 6700K [0x0000000760000000, 0x0000000765b00000, 0x00000007a0000000)
  object space 93184K, 7% used [0x0000000760000000,0x000000076068b208,0x0000000765b00000)
 Metaspace       used 20645K, capacity 21052K, committed 21248K, reserved 1067008K
  class space    used 2640K, capacity 2746K, committed 2816K, reserved 1048576K
}
Event: 2.324 GC heap before
{Heap before GC invocations=6 (full 2):
 PSYoungGen      total 76288K, used 65536K [0x00000007a0000000, 0x00000007a9500000, 0x00000007c0000000)
  eden space 65536K, 100% used [0x00000007a0000000,0x00000007a4000000,0x00000007a4000000)
  from space 10752K, 0% used [0x00000007a4000000,0x00000007a4000000,0x00000007a4a80000)
  to   space 10752K, 0% used [0x00000007a8a80000,0x00000007a8a80000,0x00000007a9500000)
 ParOldGen       total 93184K, used 6700K [0x0000000760000000, 0x0000000765b00000, 0x00000007a0000000)
  object space 93184K, 7% used [0x0000000760000000,0x000000076068b208,0x0000000765b00000)
 Metaspace       used 30995K, capacity 31476K, committed 31744K, reserved 1077248K
  class space    used 3900K, capacity 4026K, committed 4096K, reserved 1048576K
Event: 2.339 GC heap after
Heap after GC invocations=6 (full 2):
 PSYoungGen      total 119808K, used 10726K [0x00000007a0000000, 0x00000007a9500000, 0x00000007c0000000)
  eden space 109056K, 0% used [0x00000007a0000000,0x00000007a0000000,0x00000007a6a80000)
  from space 10752K, 99% used [0x00000007a8a80000,0x00000007a94f9970,0x00000007a9500000)
  to   space 10752K, 0% used [0x00000007a8000000,0x00000007a8000000,0x00000007a8a80000)
 ParOldGen       total 93184K, used 12841K [0x0000000760000000, 0x0000000765b00000, 0x00000007a0000000)
  object space 93184K, 13% used [0x0000000760000000,0x0000000760c8a5d8,0x0000000765b00000)
 Metaspace       used 30995K, capacity 31476K, committed 31744K, reserved 1077248K
  class space    used 3900K, capacity 4026K, committed 4096K, reserved 1048576K
}
Event: 2.990 GC heap before
{Heap before GC invocations=7 (full 2):
 PSYoungGen      total 119808K, used 70584K [0x00000007a0000000, 0x00000007a9500000, 0x00000007c0000000)
  eden space 109056K, 54% used [0x00000007a0000000,0x00000007a3a74960,0x00000007a6a80000)
  from space 10752K, 99% used [0x00000007a8a80000,0x00000007a94f9970,0x00000007a9500000)
  to   space 10752K, 0% used [0x00000007a8000000,0x00000007a8000000,0x00000007a8a80000)
 ParOldGen       total 93184K, used 12841K [0x0000000760000000, 0x0000000765b00000, 0x00000007a0000000)
  object space 93184K, 13% used [0x0000000760000000,0x0000000760c8a5d8,0x0000000765b00000)
 Metaspace       used 34490K, capacity 35044K, committed 35416K, reserved 1081344K
  class space    used 4259K, capacity 4394K, committed 4480K, reserved 1048576K
Event: 3.004 GC heap after
Heap after GC invocations=7 (full 2):
 PSYoungGen      total 141824K, used 10728K [0x00000007a0000000, 0x00000007ac200000, 0x00000007c0000000)
  eden space 131072K, 0% used [0x00000007a0000000,0x00000007a0000000,0x00000007a8000000)
  from space 10752K, 99% used [0x00000007a8000000,0x00000007a8a7a118,0x00000007a8a80000)
  to   space 10752K, 0% used [0x00000007ab780000,0x00000007ab780000,0x00000007ac200000)
 ParOldGen       total 93184K, used 21314K [0x0000000760000000, 0x0000000765b00000, 0x00000007a0000000)
  object space 93184K, 22% used [0x0000000760000000,0x00000007614d0970,0x0000000765b00000)
 Metaspace       used 34490K, capacity 35044K, committed 35416K, reserved 1081344K
  class space    used 4259K, capacity 4394K, committed 4480K, reserved 1048576K
}
Event: 3.004 GC heap before
{Heap before GC invocations=8 (full 3):
 PSYoungGen      total 141824K, used 10728K [0x00000007a0000000, 0x00000007ac200000, 0x00000007c0000000)
  eden space 131072K, 0% used [0x00000007a0000000,0x00000007a0000000,0x00000007a8000000)
  from space 10752K, 99% used [0x00000007a8000000,0x00000007a8a7a118,0x00000007a8a80000)
  to   space 10752K, 0% used [0x00000007ab780000,0x00000007ab780000,0x00000007ac200000)
 ParOldGen       total 93184K, used 21314K [0x0000000760000000, 0x0000000765b00000, 0x00000007a0000000)
  object space 93184K, 22% used [0x0000000760000000,0x00000007614d0970,0x0000000765b00000)
 Metaspace       used 34490K, capacity 35044K, committed 35416K, reserved 1081344K
  class space    used 4259K, capacity 4394K, committed 4480K, reserved 1048576K
Event: 3.099 GC heap after
Heap after GC invocations=8 (full 3):
 PSYoungGen      total 141824K, used 0K [0x00000007a0000000, 0x00000007ac200000, 0x00000007c0000000)
  eden space 131072K, 0% used [0x00000007a0000000,0x00000007a0000000,0x00000007a8000000)
  from space 10752K, 0% used [0x00000007a8000000,0x00000007a8000000,0x00000007a8a80000)
  to   space 10752K, 0% used [0x00000007ab780000,0x00000007ab780000,0x00000007ac200000)
 ParOldGen       total 159232K, used 24810K [0x0000000760000000, 0x0000000769b80000, 0x00000007a0000000)
  object space 159232K, 15% used [0x0000000760000000,0x000000076183a880,0x0000000769b80000)
 Metaspace       used 34490K, capacity 35044K, committed 35416K, reserved 1081344K
  class space    used 4259K, capacity 4394K, committed 4480K, reserved 1048576K
}

